<?xml version="1.0" encoding="UTF-8"?>
<!-- Generated by org.testng.reporters.JUnitReportReporter -->
<testsuite hostname="DESKTOP-NA7AFMT" name="example.NewTest" tests="1" failures="0" timestamp="7 Oct 2021 09:42:30 GMT" time="3.133" errors="0">
  <testcase name="testEasy" time="3.133" classname="example.NewTest"/>
</testsuite> <!-- example.NewTest -->
